<?xml version="1.0" encoding="UTF-8"?>
<!-- Generated by org.testng.reporters.JUnitReportReporter -->
<testsuite skipped="0" hostname="DESKTOP-86POBL1" name="com.herokuapp.internet.PositiveTests" tests="1" failures="0" timestamp="2019-03-25T22:22:39 IST" time="25.982" errors="0">
  <testcase name="logInTest" time="25.982" classname="com.herokuapp.internet.PositiveTests"/>
</testsuite> <!-- com.herokuapp.internet.PositiveTests -->
